<?xml version="1.0" encoding="utf-8"?><testsuites name="pytest tests"><testsuite name="pytest" errors="0" failures="0" skipped="0" tests="23" time="4.127" timestamp="2026-02-06T06:29:51.557374+00:00" hostname="agent-env-ac85188f-2e41-4a78-a3c7-be01d9034a80"><testcase classname="backend.tests.test_salada_soul.TestPublicEndpoints" name="test_get_categories" time="0.077" /><testcase classname="backend.tests.test_salada_soul.TestPublicEndpoints" name="test_categories_have_required_fields" time="0.037" /><testcase classname="backend.tests.test_salada_soul.TestPublicEndpoints" name="test_get_all_products" time="0.044" /><testcase classname="backend.tests.test_salada_soul.TestPublicEndpoints" name="test_monte_sua_salada_has_additionals" time="0.039" /><testcase classname="backend.tests.test_salada_soul.TestPublicEndpoints" name="test_monte_sua_salada_additionals_grouped_by_category" time="0.037" /><testcase classname="backend.tests.test_salada_soul.TestPublicEndpoints" name="test_filter_products_by_category" time="0.073" /><testcase classname="backend.tests.test_salada_soul.TestPublicEndpoints" name="test_get_single_product" time="0.077" /><testcase classname="backend.tests.test_salada_soul.TestOrderFlow" name="test_create_order" time="0.146" /><testcase classname="backend.tests.test_salada_soul.TestOrderFlow" name="test_get_order_by_id" time="0.154" /><testcase classname="backend.tests.test_salada_soul.TestOrderFlow" name="test_get_orders_by_phone" time="0.105" /><testcase classname="backend.tests.test_salada_soul.TestOrderFlow" name="test_rate_order" time="0.138" /><testcase classname="backend.tests.test_salada_soul.TestAdminAuth" name="test_admin_login_success" time="0.279" /><testcase classname="backend.tests.test_salada_soul.TestAdminAuth" name="test_admin_login_invalid_credentials" time="0.266" /><testcase classname="backend.tests.test_salada_soul.TestAdminAuth" name="test_get_current_user" time="0.296" /><testcase classname="backend.tests.test_salada_soul.TestAdminOrderManagement" name="test_get_admin_orders" time="0.293" /><testcase classname="backend.tests.test_salada_soul.TestAdminOrderManagement" name="test_update_order_status" time="0.398" /><testcase classname="backend.tests.test_salada_soul.TestAdminOrderManagement" name="test_mark_order_paid" time="0.441" /><testcase classname="backend.tests.test_salada_soul.TestAdminProductsCategories" name="test_get_admin_products" time="0.295" /><testcase classname="backend.tests.test_salada_soul.TestAdminProductsCategories" name="test_get_admin_categories" time="0.301" /><testcase classname="backend.tests.test_salada_soul.TestAdminProductsCategories" name="test_create_and_delete_product" time="0.437" /><testcase classname="backend.tests.test_salada_soul.TestDeliverySettings" name="test_get_delivery_settings" time="0.035" /><testcase classname="backend.tests.test_salada_soul.TestDeliverySettings" name="test_get_pix_settings" time="0.033" /><testcase classname="backend.tests.test_salada_soul.TestComplements" name="test_get_complements" time="0.036" /></testsuite></testsuites>